<?xml version="1.0" encoding="UTF-8"?>
<!-- Generated by org.testng.reporters.JUnitReportReporter -->
<testsuite hostname="EPMXGUAW0020" name="mx.com.epam.testing.training.tests.SearchByIDTest" tests="1" failures="0" timestamp="26 Feb 2016 19:09:10 GMT" time="0.358" errors="0">
  <testcase name="searchByCityIDTest" time="0.358" classname="mx.com.epam.testing.training.tests.SearchByIDTest"/>
</testsuite> <!-- mx.com.epam.testing.training.tests.SearchByIDTest -->
