<?xml version="1.0" encoding="UTF-8"?>
<!-- Generated by org.testng.reporters.JUnitReportReporter -->
<testsuite hostname="EPMXGUAW0020" name="mx.com.epam.testing.training.tests.SearchByIDTest" tests="1" failures="0" timestamp="29 Feb 2016 22:51:50 GMT" time="0.335" errors="0">
  <testcase name="searchByCityIdNotNullTest" time="0.335" classname="mx.com.epam.testing.training.tests.SearchByIDTest"/>
</testsuite> <!-- mx.com.epam.testing.training.tests.SearchByIDTest -->
